<?xml version="1.0" encoding="UTF-8"?>
<!-- Generated by org.testng.reporters.JUnitReportReporter -->
<testsuite hostname="DESKTOP-3N52H20" failures="0" tests="1" name="testCases.TC002_LoginTest" time="3.802" errors="0" timestamp="2025-04-22T01:33:14 IST" skipped="0">
  <testcase classname="testCases.TC002_LoginTest" name="verify_login" time="3.802"/>
</testsuite> <!-- testCases.TC002_LoginTest -->
