<?xml version="1.0" encoding="UTF-8"?>
<!-- Generated by org.testng.reporters.JUnitReportReporter -->
<testsuite hostname="DESKTOP-3N52H20" failures="0" tests="1" name="testCases.TC002_LoginTest" time="3.834" errors="0" timestamp="2025-04-22T02:20:37 IST" skipped="0">
  <testcase classname="testCases.TC002_LoginTest" name="verify_login" time="3.834"/>
</testsuite> <!-- testCases.TC002_LoginTest -->
