<?xml version="1.0" encoding="UTF-8"?>
<!-- Generated by org.testng.reporters.JUnitReportReporter -->
<testsuite hostname="DESKTOP-3N52H20" failures="0" tests="1" name="testCases.TC001_AccountRegistrationTest" time="1.853" errors="0" timestamp="2025-04-22T02:20:37 IST" skipped="0">
  <testcase classname="testCases.TC001_AccountRegistrationTest" name="verify_account_registration" time="1.853"/>
</testsuite> <!-- testCases.TC001_AccountRegistrationTest -->
